[INFO] Scanning for projects...
[INFO] 
[INFO] --------------------< com.portfolio:crypto-backend >--------------------
[INFO] Building crypto-backend 0.0.1-SNAPSHOT
[INFO]   from pom.xml
[INFO] --------------------------------[ jar ]---------------------------------
[INFO] 
[INFO] --- clean:3.4.0:clean (default-clean) @ crypto-backend ---
[INFO] Deleting C:\Users\aksha\OneDrive\Desktop\Crypto_Portfolio\Crypto_Backend\target
[INFO] 
[INFO] --- resources:3.3.1:resources (default-resources) @ crypto-backend ---
[INFO] Copying 1 resource from src\main\resources to target\classes
[INFO] Copying 1 resource from src\main\resources to target\classes
[INFO] 
[INFO] --- compiler:3.13.0:compile (default-compile) @ crypto-backend ---
[INFO] Recompiling the module because of changed source code.
[INFO] Compiling 21 source files with javac [debug parameters release 17] to target\classes
[INFO] -------------------------------------------------------------
[ERROR] COMPILATION ERROR : 
[INFO] -------------------------------------------------------------
[ERROR] /C:/Users/aksha/OneDrive/Desktop/Crypto_Portfolio/Crypto_Backend/src/main/java/com/portfolio/backend/service/ExchangeService.java:[45,34] cannot find symbol
  symbol:   variable encryptionService
  location: class com.portfolio.backend.service.ExchangeService
[ERROR] /C:/Users/aksha/OneDrive/Desktop/Crypto_Portfolio/Crypto_Backend/src/main/java/com/portfolio/backend/service/ExchangeService.java:[68,34] cannot find symbol
  symbol:   variable encryptionService
  location: class com.portfolio.backend.service.ExchangeService
[INFO] 2 errors 
[INFO] -------------------------------------------------------------
[INFO] ------------------------------------------------------------------------
[INFO] BUILD FAILURE
[INFO] ------------------------------------------------------------------------
[INFO] Total time:  4.275 s
[INFO] Finished at: 2026-01-01T21:54:33+05:30
[INFO] ------------------------------------------------------------------------
[ERROR] Failed to execute goal org.apache.maven.plugins:maven-compiler-plugin:3.13.0:compile (default-compile) on project crypto-backend: Compilation failure: Compilation failure: 
[ERROR] /C:/Users/aksha/OneDrive/Desktop/Crypto_Portfolio/Crypto_Backend/src/main/java/com/portfolio/backend/service/ExchangeService.java:[45,34] cannot find symbol
[ERROR]   symbol:   variable encryptionService
[ERROR]   location: class com.portfolio.backend.service.ExchangeService
[ERROR] /C:/Users/aksha/OneDrive/Desktop/Crypto_Portfolio/Crypto_Backend/src/main/java/com/portfolio/backend/service/ExchangeService.java:[68,34] cannot find symbol
[ERROR]   symbol:   variable encryptionService
[ERROR]   location: class com.portfolio.backend.service.ExchangeService
[ERROR] -> [Help 1]
[ERROR] 
[ERROR] To see the full stack trace of the errors, re-run Maven with the -e switch.
[ERROR] Re-run Maven using the -X switch to enable full debug logging.
[ERROR] 
[ERROR] For more information about the errors and possible solutions, please read the following articles:
[ERROR] [Help 1] http://cwiki.apache.org/confluence/display/MAVEN/MojoFailureException
